mode: atomic
github.com/gre-ory/amnezic-go/internal/store/game_memory_store.go:14.37,18.2 1 0
github.com/gre-ory/amnezic-go/internal/store/game_memory_store.go:25.114,33.2 6 0
github.com/gre-ory/amnezic-go/internal/store/game_memory_store.go:35.108,40.12 4 0
github.com/gre-ory/amnezic-go/internal/store/game_memory_store.go:43.2,43.18 1 0
github.com/gre-ory/amnezic-go/internal/store/game_memory_store.go:40.12,42.3 1 0
github.com/gre-ory/amnezic-go/internal/store/game_memory_store.go:46.114,51.12 4 0
github.com/gre-ory/amnezic-go/internal/store/game_memory_store.go:54.2,54.34 1 0
github.com/gre-ory/amnezic-go/internal/store/game_memory_store.go:57.2,59.30 3 0
github.com/gre-ory/amnezic-go/internal/store/game_memory_store.go:51.12,53.3 1 0
github.com/gre-ory/amnezic-go/internal/store/game_memory_store.go:54.34,56.3 1 0
github.com/gre-ory/amnezic-go/internal/store/game_memory_store.go:62.91,67.12 4 0
github.com/gre-ory/amnezic-go/internal/store/game_memory_store.go:70.2,71.12 2 0
github.com/gre-ory/amnezic-go/internal/store/game_memory_store.go:67.12,69.3 1 0
github.com/gre-ory/amnezic-go/internal/store/legacy_music_store.go:23.54,32.2 3 1
github.com/gre-ory/amnezic-go/internal/store/legacy_music_store.go:44.126,50.30 1 1
github.com/gre-ory/amnezic-go/internal/store/legacy_music_store.go:53.2,53.28 1 1
github.com/gre-ory/amnezic-go/internal/store/legacy_music_store.go:61.2,74.41 4 1
github.com/gre-ory/amnezic-go/internal/store/legacy_music_store.go:82.2,83.35 2 1
github.com/gre-ory/amnezic-go/internal/store/legacy_music_store.go:89.2,89.23 1 1
github.com/gre-ory/amnezic-go/internal/store/legacy_music_store.go:50.30,52.3 1 0
github.com/gre-ory/amnezic-go/internal/store/legacy_music_store.go:53.28,55.3 1 0
github.com/gre-ory/amnezic-go/internal/store/legacy_music_store.go:74.41,76.3 1 1
github.com/gre-ory/amnezic-go/internal/store/legacy_music_store.go:83.35,87.3 3 2
github.com/gre-ory/amnezic-go/internal/store/legacy_music_store.go:92.135,99.2 1 2
github.com/gre-ory/amnezic-go/internal/store/legacy_music_store.go:101.92,105.2 1 2
github.com/gre-ory/amnezic-go/internal/store/legacy_music_store.go:107.92,113.2 1 2
github.com/gre-ory/amnezic-go/internal/store/legacy_music_store.go:115.88,117.2 1 2
github.com/gre-ory/amnezic-go/internal/store/legacy_music_store.go:119.134,121.70 1 2
github.com/gre-ory/amnezic-go/internal/store/legacy_music_store.go:122.2,123.30 2 2
github.com/gre-ory/amnezic-go/internal/store/legacy_music_store.go:127.2,127.75 1 2
github.com/gre-ory/amnezic-go/internal/store/legacy_music_store.go:128.2,132.16 3 2
github.com/gre-ory/amnezic-go/internal/store/legacy_music_store.go:121.70,121.101 1 144
github.com/gre-ory/amnezic-go/internal/store/legacy_music_store.go:123.30,125.3 1 2
github.com/gre-ory/amnezic-go/internal/store/legacy_music_store.go:127.75,127.115 1 4
github.com/gre-ory/amnezic-go/internal/store/legacy_music_store.go:135.106,141.2 1 6
github.com/gre-ory/amnezic-go/internal/store/legacy_music_store.go:149.53,152.69 2 1
github.com/gre-ory/amnezic-go/internal/store/legacy_music_store.go:156.2,156.51 1 1
github.com/gre-ory/amnezic-go/internal/store/legacy_music_store.go:167.2,167.10 1 1
github.com/gre-ory/amnezic-go/internal/store/legacy_music_store.go:152.69,153.13 1 0
github.com/gre-ory/amnezic-go/internal/store/legacy_music_store.go:156.51,159.46 3 41
github.com/gre-ory/amnezic-go/internal/store/legacy_music_store.go:159.46,164.4 4 1843
