mode: atomic
github.com/gre-ory/amnezic-go/internal/client/deezer_client.go:22.55,26.2 1 2
github.com/gre-ory/amnezic-go/internal/client/deezer_client.go:35.80,39.16 3 1
github.com/gre-ory/amnezic-go/internal/client/deezer_client.go:42.2,46.16 4 1
github.com/gre-ory/amnezic-go/internal/client/deezer_client.go:50.2,50.54 1 1
github.com/gre-ory/amnezic-go/internal/client/deezer_client.go:39.16,41.3 1 0
github.com/gre-ory/amnezic-go/internal/client/deezer_client.go:46.16,48.3 1 0
github.com/gre-ory/amnezic-go/internal/client/deezer_client.go:56.84,60.16 3 1
github.com/gre-ory/amnezic-go/internal/client/deezer_client.go:63.2,67.16 4 1
github.com/gre-ory/amnezic-go/internal/client/deezer_client.go:71.2,71.33 1 1
github.com/gre-ory/amnezic-go/internal/client/deezer_client.go:60.16,62.3 1 0
github.com/gre-ory/amnezic-go/internal/client/deezer_client.go:67.16,69.3 1 0
github.com/gre-ory/amnezic-go/internal/client/deezer_client.go:77.55,85.2 1 2
github.com/gre-ory/amnezic-go/internal/client/deezer_client.go:87.64,88.23 1 2
github.com/gre-ory/amnezic-go/internal/client/deezer_client.go:91.2,95.3 1 2
github.com/gre-ory/amnezic-go/internal/client/deezer_client.go:88.23,90.3 1 0
github.com/gre-ory/amnezic-go/internal/client/deezer_client.go:98.60,99.22 1 2
github.com/gre-ory/amnezic-go/internal/client/deezer_client.go:102.2,106.3 1 2
github.com/gre-ory/amnezic-go/internal/client/deezer_client.go:99.22,101.3 1 0
github.com/gre-ory/amnezic-go/internal/model/theme_filter.go:12.73,13.20 1 0
github.com/gre-ory/amnezic-go/internal/model/theme_filter.go:16.2,16.12 1 0
github.com/gre-ory/amnezic-go/internal/model/theme_filter.go:13.20,15.3 1 0
github.com/gre-ory/amnezic-go/internal/model/theme_filter.go:19.57,20.20 1 0
github.com/gre-ory/amnezic-go/internal/model/theme_filter.go:25.2,25.14 1 0
github.com/gre-ory/amnezic-go/internal/model/theme_filter.go:20.20,21.32 1 0
github.com/gre-ory/amnezic-go/internal/model/theme_filter.go:21.32,23.4 1 0
github.com/gre-ory/amnezic-go/internal/model/theme_question_filter.go:13.81,14.28 1 0
github.com/gre-ory/amnezic-go/internal/model/theme_question_filter.go:17.2,17.20 1 0
github.com/gre-ory/amnezic-go/internal/model/theme_question_filter.go:20.2,20.12 1 0
github.com/gre-ory/amnezic-go/internal/model/theme_question_filter.go:14.28,16.3 1 0
github.com/gre-ory/amnezic-go/internal/model/theme_question_filter.go:17.20,19.3 1 0
github.com/gre-ory/amnezic-go/internal/model/theme_question_filter.go:23.73,24.28 1 0
github.com/gre-ory/amnezic-go/internal/model/theme_question_filter.go:29.2,29.20 1 0
github.com/gre-ory/amnezic-go/internal/model/theme_question_filter.go:34.2,34.14 1 0
github.com/gre-ory/amnezic-go/internal/model/theme_question_filter.go:24.28,25.40 1 0
github.com/gre-ory/amnezic-go/internal/model/theme_question_filter.go:25.40,27.4 1 0
github.com/gre-ory/amnezic-go/internal/model/theme_question_filter.go:29.20,30.37 1 0
github.com/gre-ory/amnezic-go/internal/model/theme_question_filter.go:30.37,32.4 1 0
github.com/gre-ory/amnezic-go/internal/model/game_settings.go:19.74,26.2 6 0
github.com/gre-ory/amnezic-go/internal/model/game_settings.go:42.41,43.58 1 0
github.com/gre-ory/amnezic-go/internal/model/game_settings.go:46.2,46.66 1 0
github.com/gre-ory/amnezic-go/internal/model/game_settings.go:49.2,49.58 1 0
github.com/gre-ory/amnezic-go/internal/model/game_settings.go:52.2,52.25 1 0
github.com/gre-ory/amnezic-go/internal/model/game_settings.go:55.2,55.12 1 0
github.com/gre-ory/amnezic-go/internal/model/game_settings.go:43.58,45.3 1 0
github.com/gre-ory/amnezic-go/internal/model/game_settings.go:46.66,48.3 1 0
github.com/gre-ory/amnezic-go/internal/model/game_settings.go:49.58,51.3 1 0
github.com/gre-ory/amnezic-go/internal/model/game_settings.go:52.25,54.3 1 0
github.com/gre-ory/amnezic-go/internal/model/music_genre.go:19.41,20.14 1 0
github.com/gre-ory/amnezic-go/internal/model/music_genre.go:23.2,28.3 1 0
github.com/gre-ory/amnezic-go/internal/model/music_genre.go:20.14,22.3 1 0
github.com/gre-ory/amnezic-go/internal/model/music_genre.go:31.72,33.26 2 0
github.com/gre-ory/amnezic-go/internal/model/music_genre.go:36.2,38.12 3 0
github.com/gre-ory/amnezic-go/internal/model/music_genre.go:33.26,35.3 1 0
github.com/gre-ory/amnezic-go/internal/model/music_artist.go:19.43,20.14 1 0
github.com/gre-ory/amnezic-go/internal/model/music_artist.go:23.2,28.3 1 0
github.com/gre-ory/amnezic-go/internal/model/music_artist.go:20.14,22.3 1 0
github.com/gre-ory/amnezic-go/internal/model/music_artist.go:31.73,33.27 2 0
github.com/gre-ory/amnezic-go/internal/model/music_artist.go:36.2,38.12 3 0
github.com/gre-ory/amnezic-go/internal/model/music_artist.go:33.27,35.3 1 0
github.com/gre-ory/amnezic-go/internal/model/theme_question.go:21.47,29.2 1 0
github.com/gre-ory/amnezic-go/internal/model/theme_question.go:31.75,36.18 5 0
github.com/gre-ory/amnezic-go/internal/model/theme_question.go:39.2,39.20 1 0
github.com/gre-ory/amnezic-go/internal/model/theme_question.go:42.2,42.12 1 0
github.com/gre-ory/amnezic-go/internal/model/theme_question.go:36.18,38.3 1 0
github.com/gre-ory/amnezic-go/internal/model/theme_question.go:39.20,41.3 1 0
github.com/gre-ory/amnezic-go/internal/model/game_player.go:15.41,16.14 1 0
github.com/gre-ory/amnezic-go/internal/model/game_player.go:19.2,24.3 1 0
github.com/gre-ory/amnezic-go/internal/model/game_player.go:16.14,18.3 1 0
github.com/gre-ory/amnezic-go/internal/model/game_player.go:27.72,33.2 5 0
github.com/gre-ory/amnezic-go/internal/model/music.go:29.31,30.14 1 0
github.com/gre-ory/amnezic-go/internal/model/music.go:33.2,41.3 1 0
github.com/gre-ory/amnezic-go/internal/model/music.go:30.14,32.3 1 0
github.com/gre-ory/amnezic-go/internal/model/music.go:44.67,46.26 2 0
github.com/gre-ory/amnezic-go/internal/model/music.go:49.2,51.21 3 0
github.com/gre-ory/amnezic-go/internal/model/music.go:54.2,54.20 1 0
github.com/gre-ory/amnezic-go/internal/model/music.go:57.2,57.20 1 0
github.com/gre-ory/amnezic-go/internal/model/music.go:60.2,60.12 1 0
github.com/gre-ory/amnezic-go/internal/model/music.go:46.26,48.3 1 0
github.com/gre-ory/amnezic-go/internal/model/music.go:51.21,53.3 1 0
github.com/gre-ory/amnezic-go/internal/model/music.go:54.20,56.3 1 0
github.com/gre-ory/amnezic-go/internal/model/music.go:57.20,59.3 1 0
github.com/gre-ory/amnezic-go/internal/model/source.go:17.36,20.15 3 0
github.com/gre-ory/amnezic-go/internal/model/source.go:21.29,22.23 1 0
github.com/gre-ory/amnezic-go/internal/model/source.go:23.29,24.23 1 0
github.com/gre-ory/amnezic-go/internal/model/source.go:25.28,26.22 1 0
github.com/gre-ory/amnezic-go/internal/model/source.go:27.29,28.23 1 0
github.com/gre-ory/amnezic-go/internal/model/source.go:29.10,30.12 1 0
github.com/gre-ory/amnezic-go/internal/model/source.go:34.33,36.2 1 0
github.com/gre-ory/amnezic-go/internal/model/music_album.go:19.41,20.14 1 0
github.com/gre-ory/amnezic-go/internal/model/music_album.go:23.2,28.3 1 0
github.com/gre-ory/amnezic-go/internal/model/music_album.go:20.14,22.3 1 0
github.com/gre-ory/amnezic-go/internal/model/music_album.go:31.72,33.26 2 0
github.com/gre-ory/amnezic-go/internal/model/music_album.go:36.2,38.12 3 0
github.com/gre-ory/amnezic-go/internal/model/music_album.go:33.26,35.3 1 0
github.com/gre-ory/amnezic-go/internal/model/game_id.go:18.35,20.2 1 5
github.com/gre-ory/amnezic-go/internal/model/game_id.go:27.66,29.2 1 4
github.com/gre-ory/amnezic-go/internal/model/game_id.go:31.41,34.2 2 1
github.com/gre-ory/amnezic-go/internal/model/game_id.go:41.74,43.2 1 4
github.com/gre-ory/amnezic-go/internal/model/game_id.go:45.57,49.2 3 1
github.com/gre-ory/amnezic-go/internal/model/game_id.go:56.93,58.2 1 4
github.com/gre-ory/amnezic-go/internal/model/game_id.go:60.91,66.2 5 1
github.com/gre-ory/amnezic-go/internal/model/game_id.go:73.47,75.2 1 7
github.com/gre-ory/amnezic-go/internal/model/game_question.go:18.45,19.14 1 0
github.com/gre-ory/amnezic-go/internal/model/game_question.go:22.2,27.3 1 0
github.com/gre-ory/amnezic-go/internal/model/game_question.go:19.14,21.3 1 0
github.com/gre-ory/amnezic-go/internal/model/game_question.go:30.74,36.2 5 0
github.com/gre-ory/amnezic-go/internal/model/game_theme.go:16.39,17.14 1 0
github.com/gre-ory/amnezic-go/internal/model/game_theme.go:20.2,24.3 1 0
github.com/gre-ory/amnezic-go/internal/model/game_theme.go:17.14,19.3 1 0
github.com/gre-ory/amnezic-go/internal/model/game_theme.go:27.71,32.2 4 0
github.com/gre-ory/amnezic-go/internal/model/theme.go:19.31,25.2 1 0
github.com/gre-ory/amnezic-go/internal/model/theme.go:27.42,28.14 1 0
github.com/gre-ory/amnezic-go/internal/model/theme.go:31.2,31.18 1 0
github.com/gre-ory/amnezic-go/internal/model/theme.go:34.2,36.29 1 0
github.com/gre-ory/amnezic-go/internal/model/theme.go:28.14,30.3 1 0
github.com/gre-ory/amnezic-go/internal/model/theme.go:31.18,33.3 1 0
github.com/gre-ory/amnezic-go/internal/model/theme.go:39.67,43.24 4 0
github.com/gre-ory/amnezic-go/internal/model/theme.go:46.2,46.12 1 0
github.com/gre-ory/amnezic-go/internal/model/theme.go:43.24,45.3 1 0
github.com/gre-ory/amnezic-go/internal/model/game_answer.go:15.41,16.14 1 0
github.com/gre-ory/amnezic-go/internal/model/game_answer.go:19.2,24.3 1 0
github.com/gre-ory/amnezic-go/internal/model/game_answer.go:16.14,18.3 1 0
github.com/gre-ory/amnezic-go/internal/model/game_answer.go:27.72,30.18 3 0
github.com/gre-ory/amnezic-go/internal/model/game_answer.go:33.2,33.15 1 0
github.com/gre-ory/amnezic-go/internal/model/game_answer.go:36.2,36.12 1 0
github.com/gre-ory/amnezic-go/internal/model/game_answer.go:30.18,32.3 1 0
github.com/gre-ory/amnezic-go/internal/model/game_answer.go:33.15,35.3 1 0
github.com/gre-ory/amnezic-go/internal/store/game_question_legacy_store.go:25.81,35.2 3 2
github.com/gre-ory/amnezic-go/internal/store/game_question_legacy_store.go:48.131,54.30 1 2
github.com/gre-ory/amnezic-go/internal/store/game_question_legacy_store.go:57.2,57.28 1 2
github.com/gre-ory/amnezic-go/internal/store/game_question_legacy_store.go:65.2,72.42 3 2
github.com/gre-ory/amnezic-go/internal/store/game_question_legacy_store.go:75.2,81.41 2 2
github.com/gre-ory/amnezic-go/internal/store/game_question_legacy_store.go:89.2,90.35 2 2
github.com/gre-ory/amnezic-go/internal/store/game_question_legacy_store.go:96.2,96.23 1 2
github.com/gre-ory/amnezic-go/internal/store/game_question_legacy_store.go:54.30,56.3 1 0
github.com/gre-ory/amnezic-go/internal/store/game_question_legacy_store.go:57.28,59.3 1 0
github.com/gre-ory/amnezic-go/internal/store/game_question_legacy_store.go:72.42,74.3 1 1
github.com/gre-ory/amnezic-go/internal/store/game_question_legacy_store.go:81.41,83.3 1 1
github.com/gre-ory/amnezic-go/internal/store/game_question_legacy_store.go:90.35,94.3 3 5
github.com/gre-ory/amnezic-go/internal/store/game_question_legacy_store.go:99.142,105.2 1 5
github.com/gre-ory/amnezic-go/internal/store/game_question_legacy_store.go:107.98,111.2 1 5
github.com/gre-ory/amnezic-go/internal/store/game_question_legacy_store.go:113.94,120.2 1 5
github.com/gre-ory/amnezic-go/internal/store/game_question_legacy_store.go:122.89,123.22 1 5
github.com/gre-ory/amnezic-go/internal/store/game_question_legacy_store.go:126.2,126.28 1 0
github.com/gre-ory/amnezic-go/internal/store/game_question_legacy_store.go:123.22,125.3 1 5
github.com/gre-ory/amnezic-go/internal/store/game_question_legacy_store.go:129.103,130.19 1 5
github.com/gre-ory/amnezic-go/internal/store/game_question_legacy_store.go:133.2,135.3 1 5
github.com/gre-ory/amnezic-go/internal/store/game_question_legacy_store.go:130.19,132.3 1 0
github.com/gre-ory/amnezic-go/internal/store/game_question_legacy_store.go:138.141,140.71 1 5
github.com/gre-ory/amnezic-go/internal/store/game_question_legacy_store.go:142.2,144.30 2 5
github.com/gre-ory/amnezic-go/internal/store/game_question_legacy_store.go:148.2,148.81 1 5
github.com/gre-ory/amnezic-go/internal/store/game_question_legacy_store.go:149.2,153.16 3 5
github.com/gre-ory/amnezic-go/internal/store/game_question_legacy_store.go:140.71,140.102 1 372
github.com/gre-ory/amnezic-go/internal/store/game_question_legacy_store.go:144.30,146.3 1 5
github.com/gre-ory/amnezic-go/internal/store/game_question_legacy_store.go:148.81,148.121 1 10
github.com/gre-ory/amnezic-go/internal/store/game_question_legacy_store.go:156.114,157.25 1 15
github.com/gre-ory/amnezic-go/internal/store/game_question_legacy_store.go:163.2,167.3 1 15
github.com/gre-ory/amnezic-go/internal/store/game_question_legacy_store.go:157.25,162.3 1 0
github.com/gre-ory/amnezic-go/internal/store/game_question_legacy_store.go:182.53,189.2 4 2
github.com/gre-ory/amnezic-go/internal/store/game_question_legacy_store.go:191.97,194.64 2 6
github.com/gre-ory/amnezic-go/internal/store/game_question_legacy_store.go:198.2,203.51 4 6
github.com/gre-ory/amnezic-go/internal/store/game_question_legacy_store.go:214.2,216.10 2 6
github.com/gre-ory/amnezic-go/internal/store/game_question_legacy_store.go:194.64,195.13 1 0
github.com/gre-ory/amnezic-go/internal/store/game_question_legacy_store.go:203.51,206.46 3 82
github.com/gre-ory/amnezic-go/internal/store/game_question_legacy_store.go:206.46,211.4 4 3686
github.com/gre-ory/amnezic-go/internal/store/music_genre_memory_store.go:13.49,17.2 1 0
github.com/gre-ory/amnezic-go/internal/store/music_genre_memory_store.go:24.118,32.2 6 0
github.com/gre-ory/amnezic-go/internal/store/music_genre_memory_store.go:34.113,39.12 4 0
github.com/gre-ory/amnezic-go/internal/store/music_genre_memory_store.go:42.2,42.31 1 0
github.com/gre-ory/amnezic-go/internal/store/music_genre_memory_store.go:39.12,41.3 1 0
github.com/gre-ory/amnezic-go/internal/store/music_genre_memory_store.go:45.130,49.19 3 0
github.com/gre-ory/amnezic-go/internal/store/music_genre_memory_store.go:53.2,53.43 1 0
github.com/gre-ory/amnezic-go/internal/store/music_genre_memory_store.go:58.2,58.41 1 0
github.com/gre-ory/amnezic-go/internal/store/music_genre_memory_store.go:49.19,51.3 1 0
github.com/gre-ory/amnezic-go/internal/store/music_genre_memory_store.go:53.43,54.43 1 0
github.com/gre-ory/amnezic-go/internal/store/music_genre_memory_store.go:54.43,56.4 1 0
github.com/gre-ory/amnezic-go/internal/store/music_genre_memory_store.go:61.118,66.12 4 0
github.com/gre-ory/amnezic-go/internal/store/music_genre_memory_store.go:69.2,70.49 2 0
github.com/gre-ory/amnezic-go/internal/store/music_genre_memory_store.go:66.12,68.3 1 0
github.com/gre-ory/amnezic-go/internal/store/music_genre_memory_store.go:73.90,78.12 4 0
github.com/gre-ory/amnezic-go/internal/store/music_genre_memory_store.go:81.2,82.12 2 0
github.com/gre-ory/amnezic-go/internal/store/music_genre_memory_store.go:78.12,80.3 1 0
github.com/gre-ory/amnezic-go/internal/store/music_memory_store.go:13.39,17.2 1 0
github.com/gre-ory/amnezic-go/internal/store/music_memory_store.go:24.98,32.2 6 0
github.com/gre-ory/amnezic-go/internal/store/music_memory_store.go:34.98,39.12 4 0
github.com/gre-ory/amnezic-go/internal/store/music_memory_store.go:42.2,42.26 1 0
github.com/gre-ory/amnezic-go/internal/store/music_memory_store.go:39.12,41.3 1 0
github.com/gre-ory/amnezic-go/internal/store/music_memory_store.go:45.120,49.19 3 0
github.com/gre-ory/amnezic-go/internal/store/music_memory_store.go:53.2,53.33 1 0
github.com/gre-ory/amnezic-go/internal/store/music_memory_store.go:58.2,58.36 1 0
github.com/gre-ory/amnezic-go/internal/store/music_memory_store.go:49.19,51.3 1 0
github.com/gre-ory/amnezic-go/internal/store/music_memory_store.go:53.33,54.38 1 0
github.com/gre-ory/amnezic-go/internal/store/music_memory_store.go:54.38,56.4 1 0
github.com/gre-ory/amnezic-go/internal/store/music_memory_store.go:61.98,66.12 4 0
github.com/gre-ory/amnezic-go/internal/store/music_memory_store.go:69.2,70.39 2 0
github.com/gre-ory/amnezic-go/internal/store/music_memory_store.go:66.12,68.3 1 0
github.com/gre-ory/amnezic-go/internal/store/music_memory_store.go:73.80,78.12 4 0
github.com/gre-ory/amnezic-go/internal/store/music_memory_store.go:81.2,82.12 2 0
github.com/gre-ory/amnezic-go/internal/store/music_memory_store.go:78.12,80.3 1 0
github.com/gre-ory/amnezic-go/internal/store/music_memory_store.go:85.103,89.33 3 0
github.com/gre-ory/amnezic-go/internal/store/music_memory_store.go:94.2,94.19 1 0
github.com/gre-ory/amnezic-go/internal/store/music_memory_store.go:89.33,90.31 1 0
github.com/gre-ory/amnezic-go/internal/store/music_memory_store.go:90.31,92.4 1 0
github.com/gre-ory/amnezic-go/internal/store/music_memory_store.go:97.106,101.33 3 0
github.com/gre-ory/amnezic-go/internal/store/music_memory_store.go:106.2,106.19 1 0
github.com/gre-ory/amnezic-go/internal/store/music_memory_store.go:101.33,102.33 1 0
github.com/gre-ory/amnezic-go/internal/store/music_memory_store.go:102.33,104.4 1 0
github.com/gre-ory/amnezic-go/internal/store/music_memory_store.go:109.103,113.33 3 0
github.com/gre-ory/amnezic-go/internal/store/music_memory_store.go:118.2,118.19 1 0
github.com/gre-ory/amnezic-go/internal/store/music_memory_store.go:113.33,114.31 1 0
github.com/gre-ory/amnezic-go/internal/store/music_memory_store.go:114.31,116.4 1 0
github.com/gre-ory/amnezic-go/internal/store/music_artist_memory_store.go:13.51,17.2 1 0
github.com/gre-ory/amnezic-go/internal/store/music_artist_memory_store.go:24.122,32.2 6 0
github.com/gre-ory/amnezic-go/internal/store/music_artist_memory_store.go:34.116,39.12 4 0
github.com/gre-ory/amnezic-go/internal/store/music_artist_memory_store.go:42.2,42.32 1 0
github.com/gre-ory/amnezic-go/internal/store/music_artist_memory_store.go:39.12,41.3 1 0
github.com/gre-ory/amnezic-go/internal/store/music_artist_memory_store.go:45.133,49.19 3 0
github.com/gre-ory/amnezic-go/internal/store/music_artist_memory_store.go:53.2,53.45 1 0
github.com/gre-ory/amnezic-go/internal/store/music_artist_memory_store.go:58.2,58.42 1 0
github.com/gre-ory/amnezic-go/internal/store/music_artist_memory_store.go:49.19,51.3 1 0
github.com/gre-ory/amnezic-go/internal/store/music_artist_memory_store.go:53.45,54.45 1 0
github.com/gre-ory/amnezic-go/internal/store/music_artist_memory_store.go:54.45,56.4 1 0
github.com/gre-ory/amnezic-go/internal/store/music_artist_memory_store.go:61.122,66.12 4 0
github.com/gre-ory/amnezic-go/internal/store/music_artist_memory_store.go:69.2,70.51 2 0
github.com/gre-ory/amnezic-go/internal/store/music_artist_memory_store.go:66.12,68.3 1 0
github.com/gre-ory/amnezic-go/internal/store/music_artist_memory_store.go:73.92,78.12 4 0
github.com/gre-ory/amnezic-go/internal/store/music_artist_memory_store.go:81.2,82.12 2 0
github.com/gre-ory/amnezic-go/internal/store/music_artist_memory_store.go:78.12,80.3 1 0
github.com/gre-ory/amnezic-go/internal/store/theme_memory_store.go:13.39,17.2 1 0
github.com/gre-ory/amnezic-go/internal/store/theme_memory_store.go:24.98,32.2 6 0
github.com/gre-ory/amnezic-go/internal/store/theme_memory_store.go:34.98,39.12 4 0
github.com/gre-ory/amnezic-go/internal/store/theme_memory_store.go:42.2,42.19 1 0
github.com/gre-ory/amnezic-go/internal/store/theme_memory_store.go:39.12,41.3 1 0
github.com/gre-ory/amnezic-go/internal/store/theme_memory_store.go:45.98,50.12 4 0
github.com/gre-ory/amnezic-go/internal/store/theme_memory_store.go:53.2,54.32 2 0
github.com/gre-ory/amnezic-go/internal/store/theme_memory_store.go:50.12,52.3 1 0
github.com/gre-ory/amnezic-go/internal/store/theme_memory_store.go:57.89,61.34 3 0
github.com/gre-ory/amnezic-go/internal/store/theme_memory_store.go:67.2,67.12 1 0
github.com/gre-ory/amnezic-go/internal/store/theme_memory_store.go:61.34,62.31 1 0
github.com/gre-ory/amnezic-go/internal/store/theme_memory_store.go:62.31,64.4 1 0
github.com/gre-ory/amnezic-go/internal/store/theme_memory_store.go:70.105,75.33 4 0
github.com/gre-ory/amnezic-go/internal/store/theme_memory_store.go:81.2,81.20 1 0
github.com/gre-ory/amnezic-go/internal/store/theme_memory_store.go:75.33,76.31 1 0
github.com/gre-ory/amnezic-go/internal/store/theme_memory_store.go:76.31,78.4 1 0
github.com/gre-ory/amnezic-go/internal/store/game_memory_store.go:13.37,17.2 1 0
github.com/gre-ory/amnezic-go/internal/store/game_memory_store.go:24.94,33.2 7 0
github.com/gre-ory/amnezic-go/internal/store/game_memory_store.go:35.95,40.12 4 0
github.com/gre-ory/amnezic-go/internal/store/game_memory_store.go:43.2,43.18 1 0
github.com/gre-ory/amnezic-go/internal/store/game_memory_store.go:40.12,42.3 1 0
github.com/gre-ory/amnezic-go/internal/store/game_memory_store.go:46.94,51.12 4 0
github.com/gre-ory/amnezic-go/internal/store/game_memory_store.go:54.2,54.34 1 0
github.com/gre-ory/amnezic-go/internal/store/game_memory_store.go:57.2,59.30 3 0
github.com/gre-ory/amnezic-go/internal/store/game_memory_store.go:51.12,53.3 1 0
github.com/gre-ory/amnezic-go/internal/store/game_memory_store.go:54.34,56.3 1 0
github.com/gre-ory/amnezic-go/internal/store/game_memory_store.go:62.78,67.12 4 0
github.com/gre-ory/amnezic-go/internal/store/game_memory_store.go:70.2,71.12 2 0
github.com/gre-ory/amnezic-go/internal/store/game_memory_store.go:67.12,69.3 1 0
github.com/gre-ory/amnezic-go/internal/store/theme_question_memory_store.go:13.55,17.2 1 0
github.com/gre-ory/amnezic-go/internal/store/theme_question_memory_store.go:24.130,32.2 6 0
github.com/gre-ory/amnezic-go/internal/store/theme_question_memory_store.go:34.122,39.12 4 0
github.com/gre-ory/amnezic-go/internal/store/theme_question_memory_store.go:42.2,42.27 1 0
github.com/gre-ory/amnezic-go/internal/store/theme_question_memory_store.go:39.12,41.3 1 0
github.com/gre-ory/amnezic-go/internal/store/theme_question_memory_store.go:45.130,50.12 4 0
github.com/gre-ory/amnezic-go/internal/store/theme_question_memory_store.go:53.2,54.48 2 0
github.com/gre-ory/amnezic-go/internal/store/theme_question_memory_store.go:50.12,52.3 1 0
github.com/gre-ory/amnezic-go/internal/store/theme_question_memory_store.go:57.105,61.45 3 0
github.com/gre-ory/amnezic-go/internal/store/theme_question_memory_store.go:66.2,66.12 1 0
github.com/gre-ory/amnezic-go/internal/store/theme_question_memory_store.go:61.45,62.34 1 0
github.com/gre-ory/amnezic-go/internal/store/theme_question_memory_store.go:62.34,64.4 1 0
github.com/gre-ory/amnezic-go/internal/store/theme_question_memory_store.go:69.129,74.44 4 0
github.com/gre-ory/amnezic-go/internal/store/theme_question_memory_store.go:80.2,80.23 1 0
github.com/gre-ory/amnezic-go/internal/store/theme_question_memory_store.go:74.44,75.34 1 0
github.com/gre-ory/amnezic-go/internal/store/theme_question_memory_store.go:75.34,77.4 1 0
github.com/gre-ory/amnezic-go/internal/store/music_album_memory_store.go:13.49,17.2 1 0
github.com/gre-ory/amnezic-go/internal/store/music_album_memory_store.go:24.118,32.2 6 0
github.com/gre-ory/amnezic-go/internal/store/music_album_memory_store.go:34.113,39.12 4 0
github.com/gre-ory/amnezic-go/internal/store/music_album_memory_store.go:42.2,42.31 1 0
github.com/gre-ory/amnezic-go/internal/store/music_album_memory_store.go:39.12,41.3 1 0
github.com/gre-ory/amnezic-go/internal/store/music_album_memory_store.go:45.130,49.19 3 0
github.com/gre-ory/amnezic-go/internal/store/music_album_memory_store.go:53.2,53.43 1 0
github.com/gre-ory/amnezic-go/internal/store/music_album_memory_store.go:58.2,58.41 1 0
github.com/gre-ory/amnezic-go/internal/store/music_album_memory_store.go:49.19,51.3 1 0
github.com/gre-ory/amnezic-go/internal/store/music_album_memory_store.go:53.43,54.43 1 0
github.com/gre-ory/amnezic-go/internal/store/music_album_memory_store.go:54.43,56.4 1 0
github.com/gre-ory/amnezic-go/internal/store/music_album_memory_store.go:61.118,66.12 4 0
github.com/gre-ory/amnezic-go/internal/store/music_album_memory_store.go:69.2,70.49 2 0
github.com/gre-ory/amnezic-go/internal/store/music_album_memory_store.go:66.12,68.3 1 0
github.com/gre-ory/amnezic-go/internal/store/music_album_memory_store.go:73.90,78.12 4 0
github.com/gre-ory/amnezic-go/internal/store/music_album_memory_store.go:81.2,82.12 2 0
github.com/gre-ory/amnezic-go/internal/store/music_album_memory_store.go:78.12,80.3 1 0
